C:\USERS\JSF-LOCAL\WORKSPACE\GIT\CARE-O-BOT\COB_OBJECT_PERCEPTION\COB_FIDUCIALS\MSVC\LIBFIDUCIALSDEBUG\ABSTRACTFIDUCIALMODEL.OBJ
C:\USERS\JSF-LOCAL\WORKSPACE\GIT\CARE-O-BOT\COB_OBJECT_PERCEPTION\COB_FIDUCIALS\MSVC\LIBFIDUCIALSDEBUG\ARUCOFIDMARKERS.OBJ
C:\USERS\JSF-LOCAL\WORKSPACE\GIT\CARE-O-BOT\COB_OBJECT_PERCEPTION\COB_FIDUCIALS\MSVC\LIBFIDUCIALSDEBUG\BOARD.OBJ
C:\USERS\JSF-LOCAL\WORKSPACE\GIT\CARE-O-BOT\COB_OBJECT_PERCEPTION\COB_FIDUCIALS\MSVC\LIBFIDUCIALSDEBUG\BOARDDETECTOR.OBJ
C:\USERS\JSF-LOCAL\WORKSPACE\GIT\CARE-O-BOT\COB_OBJECT_PERCEPTION\COB_FIDUCIALS\MSVC\LIBFIDUCIALSDEBUG\CAMERAPARAMETERS.OBJ
C:\Users\jsf-local\workspace\git\care-o-bot\cob_object_perception\cob_fiducials\msvc\LibFiducialsDebug\cl.command.1.tlog
C:\Users\jsf-local\workspace\git\care-o-bot\cob_object_perception\cob_fiducials\msvc\LibFiducialsDebug\CL.read.1.tlog
C:\Users\jsf-local\workspace\git\care-o-bot\cob_object_perception\cob_fiducials\msvc\LibFiducialsDebug\CL.write.1.tlog
C:\USERS\JSF-LOCAL\WORKSPACE\GIT\CARE-O-BOT\COB_OBJECT_PERCEPTION\COB_FIDUCIALS\MSVC\LIBFIDUCIALSDEBUG\CVDRAWINGUTILS.OBJ
C:\USERS\JSF-LOCAL\WORKSPACE\GIT\CARE-O-BOT\COB_OBJECT_PERCEPTION\COB_FIDUCIALS\MSVC\LIBFIDUCIALSDEBUG\FIDUCIALMODELARUCO.OBJ
C:\USERS\JSF-LOCAL\WORKSPACE\GIT\CARE-O-BOT\COB_OBJECT_PERCEPTION\COB_FIDUCIALS\MSVC\LIBFIDUCIALSDEBUG\FIDUCIALMODELPI.OBJ
C:\USERS\JSF-LOCAL\WORKSPACE\GIT\CARE-O-BOT\COB_OBJECT_PERCEPTION\COB_FIDUCIALS\MSVC\LIBFIDUCIALSDEBUG\FIDUCIALTESTINGENVIRONMENT.OBJ
C:\Users\jsf-local\workspace\git\care-o-bot\cob_object_perception\cob_fiducials\msvc\LibFiducialsDebug\LibFiducials.vcxprojResolveAssemblyReference.cache
C:\Users\jsf-local\workspace\git\care-o-bot\cob_object_perception\cob_fiducials\msvc\LibFiducialsDebug\LibFiducials.write.1.tlog
C:\USERS\JSF-LOCAL\WORKSPACE\GIT\CARE-O-BOT\COB_OBJECT_PERCEPTION\COB_FIDUCIALS\MSVC\LIBFIDUCIALSDEBUG\LIBFIDUCIALSD.DLL.INTERMEDIATE.MANIFEST
C:\Users\jsf-local\workspace\git\care-o-bot\cob_object_perception\cob_fiducials\msvc\LibFiducialsDebug\link.command.1.tlog
C:\Users\jsf-local\workspace\git\care-o-bot\cob_object_perception\cob_fiducials\msvc\LibFiducialsDebug\link.read.1.tlog
C:\Users\jsf-local\workspace\git\care-o-bot\cob_object_perception\cob_fiducials\msvc\LibFiducialsDebug\link.write.1.tlog
C:\USERS\JSF-LOCAL\WORKSPACE\GIT\CARE-O-BOT\COB_OBJECT_PERCEPTION\COB_FIDUCIALS\MSVC\LIBFIDUCIALSDEBUG\MARKER.OBJ
C:\USERS\JSF-LOCAL\WORKSPACE\GIT\CARE-O-BOT\COB_OBJECT_PERCEPTION\COB_FIDUCIALS\MSVC\LIBFIDUCIALSDEBUG\MARKERDETECTOR.OBJ
C:\Users\jsf-local\workspace\git\care-o-bot\cob_object_perception\cob_fiducials\msvc\LibFiducialsDebug\mt.command.1.tlog
C:\Users\jsf-local\workspace\git\care-o-bot\cob_object_perception\cob_fiducials\msvc\LibFiducialsDebug\mt.read.1.tlog
C:\Users\jsf-local\workspace\git\care-o-bot\cob_object_perception\cob_fiducials\msvc\LibFiducialsDebug\mt.write.1.tlog
C:\USERS\JSF-LOCAL\WORKSPACE\GIT\CARE-O-BOT\COB_OBJECT_PERCEPTION\COB_FIDUCIALS\MSVC\LIBFIDUCIALSDEBUG\VC100.PDB
C:\USERS\JSF-LOCAL\WORKSPACE\GIT\CARE-O-BOT\COB_OBJECT_PERCEPTION_INTERN\COB_OBJECT_DETECTION\MSVC\LIBFIDUCIALSDEBUG\LIBFIDUCIALSD.DLL
C:\Users\jsf-local\workspace\git\care-o-bot\cob_object_perception_intern\cob_object_detection\msvc\LibFiducialsDebug\LibFiducialsD.exp
C:\USERS\JSF-LOCAL\WORKSPACE\GIT\CARE-O-BOT\COB_OBJECT_PERCEPTION_INTERN\COB_OBJECT_DETECTION\MSVC\LIBFIDUCIALSDEBUG\LIBFIDUCIALSD.ILK
C:\Users\jsf-local\workspace\git\care-o-bot\cob_object_perception_intern\cob_object_detection\msvc\LibFiducialsDebug\LibFiducialsD.lib
C:\USERS\JSF-LOCAL\WORKSPACE\GIT\CARE-O-BOT\COB_OBJECT_PERCEPTION_INTERN\COB_OBJECT_DETECTION\MSVC\LIBFIDUCIALSDEBUG\LIBFIDUCIALSD.PDB
