E:\mit_richard_03_05_2015\cob_object_perception\cob_fiducials\msvc\LibFiducialsRelease\AbstractFiducialModel.obj
E:\mit_richard_03_05_2015\cob_object_perception\cob_fiducials\msvc\LibFiducialsRelease\arucofidmarkers.obj
E:\mit_richard_03_05_2015\cob_object_perception\cob_fiducials\msvc\LibFiducialsRelease\board.obj
E:\mit_richard_03_05_2015\cob_object_perception\cob_fiducials\msvc\LibFiducialsRelease\boarddetector.obj
E:\mit_richard_03_05_2015\cob_object_perception\cob_fiducials\msvc\LibFiducialsRelease\cameraparameters.obj
E:\mit_richard_03_05_2015\cob_object_perception\cob_fiducials\msvc\LibFiducialsRelease\CL.3580.read.1.tlog
E:\mit_richard_03_05_2015\cob_object_perception\cob_fiducials\msvc\LibFiducialsRelease\CL.3580.write.1.tlog
E:\mit_richard_03_05_2015\cob_object_perception\cob_fiducials\msvc\LibFiducialsRelease\CL.5312.read.1.tlog
E:\mit_richard_03_05_2015\cob_object_perception\cob_fiducials\msvc\LibFiducialsRelease\CL.5312.write.1.tlog
E:\mit_richard_03_05_2015\cob_object_perception\cob_fiducials\msvc\LibFiducialsRelease\CL.6360.read.1.tlog
E:\mit_richard_03_05_2015\cob_object_perception\cob_fiducials\msvc\LibFiducialsRelease\CL.6360.write.1.tlog
E:\mit_richard_03_05_2015\cob_object_perception\cob_fiducials\msvc\LibFiducialsRelease\CL.6664.read.1.tlog
E:\mit_richard_03_05_2015\cob_object_perception\cob_fiducials\msvc\LibFiducialsRelease\CL.6664.write.1.tlog
E:\mit_richard_03_05_2015\cob_object_perception\cob_fiducials\msvc\LibFiducialsRelease\CL.6700.read.1.tlog
E:\mit_richard_03_05_2015\cob_object_perception\cob_fiducials\msvc\LibFiducialsRelease\CL.6700.write.1.tlog
E:\mit_richard_03_05_2015\cob_object_perception\cob_fiducials\msvc\LibFiducialsRelease\CL.6888.read.1.tlog
E:\mit_richard_03_05_2015\cob_object_perception\cob_fiducials\msvc\LibFiducialsRelease\CL.6888.write.1.tlog
E:\mit_richard_03_05_2015\cob_object_perception\cob_fiducials\msvc\LibFiducialsRelease\CL.8240.read.1.tlog
E:\mit_richard_03_05_2015\cob_object_perception\cob_fiducials\msvc\LibFiducialsRelease\CL.8240.write.1.tlog
E:\mit_richard_03_05_2015\cob_object_perception\cob_fiducials\msvc\LibFiducialsRelease\CL.8816.read.1.tlog
E:\mit_richard_03_05_2015\cob_object_perception\cob_fiducials\msvc\LibFiducialsRelease\CL.8816.write.1.tlog
E:\mit_richard_03_05_2015\cob_object_perception\cob_fiducials\msvc\LibFiducialsRelease\cl.command.1.tlog
E:\mit_richard_03_05_2015\cob_object_perception\cob_fiducials\msvc\LibFiducialsRelease\CL.read.1.tlog
E:\mit_richard_03_05_2015\cob_object_perception\cob_fiducials\msvc\LibFiducialsRelease\cl.write.1.tlog
E:\mit_richard_03_05_2015\cob_object_perception\cob_fiducials\msvc\LibFiducialsRelease\cvdrawingutils.obj
E:\mit_richard_03_05_2015\cob_object_perception\cob_fiducials\msvc\LibFiducialsRelease\FiducialModelAruco.obj
E:\mit_richard_03_05_2015\cob_object_perception\cob_fiducials\msvc\LibFiducialsRelease\FiducialModelPi.obj
E:\mit_richard_03_05_2015\cob_object_perception\cob_fiducials\msvc\LibFiducialsRelease\FiducialTestingEnvironment.obj
E:\MIT_RICHARD_03_05_2015\COB_OBJECT_PERCEPTION\COB_FIDUCIALS\MSVC\LIBFIDUCIALSRELEASE\LIBFIDUCIALS.DLL.INTERMEDIATE.MANIFEST
E:\mit_richard_03_05_2015\cob_object_perception\cob_fiducials\msvc\LibFiducialsRelease\LibFiducials.write.1.tlog
E:\mit_richard_03_05_2015\cob_object_perception\cob_fiducials\msvc\LibFiducialsRelease\link.command.1.tlog
E:\mit_richard_03_05_2015\cob_object_perception\cob_fiducials\msvc\LibFiducialsRelease\link.read.1.tlog
E:\mit_richard_03_05_2015\cob_object_perception\cob_fiducials\msvc\LibFiducialsRelease\link.write.1.tlog
E:\mit_richard_03_05_2015\cob_object_perception\cob_fiducials\msvc\LibFiducialsRelease\marker.obj
E:\mit_richard_03_05_2015\cob_object_perception\cob_fiducials\msvc\LibFiducialsRelease\markerdetector.obj
E:\mit_richard_03_05_2015\cob_object_perception\cob_fiducials\msvc\LibFiducialsRelease\mt.command.1.tlog
E:\mit_richard_03_05_2015\cob_object_perception\cob_fiducials\msvc\LibFiducialsRelease\mt.read.1.tlog
E:\mit_richard_03_05_2015\cob_object_perception\cob_fiducials\msvc\LibFiducialsRelease\mt.write.1.tlog
E:\MIT_RICHARD_03_05_2015\COB_OBJECT_PERCEPTION\COB_FIDUCIALS\MSVC\LIBFIDUCIALSRELEASE\VC100.PDB
E:\MIT_RICHARD_03_05_2015\COB_OBJECT_PERCEPTION_INTERN\COB_OBJECT_DETECTION\MSVC\LIBFIDUCIALSRELEASE\LIBFIDUCIALS.DLL
E:\mit_richard_03_05_2015\cob_object_perception_intern\cob_object_detection\msvc\LibFiducialsRelease\LibFiducials.exp
E:\MIT_RICHARD_03_05_2015\COB_OBJECT_PERCEPTION_INTERN\COB_OBJECT_DETECTION\MSVC\LIBFIDUCIALSRELEASE\LIBFIDUCIALS.ILK
E:\mit_richard_03_05_2015\cob_object_perception_intern\cob_object_detection\msvc\LibFiducialsRelease\LibFiducials.lib
E:\MIT_RICHARD_03_05_2015\COB_OBJECT_PERCEPTION_INTERN\COB_OBJECT_DETECTION\MSVC\LIBFIDUCIALSRELEASE\LIBFIDUCIALS.PDB
